<?xml version="1.0" encoding="UTF-8"?>
<testsuite name="com.babcock.LogTest" tests="4" skipped="0" failures="0" errors="0" timestamp="2022-08-26T15:22:35" hostname="andrews-MacBook-Pro-2.local" time="0.01">
  <properties/>
  <testcase name="logMessage()" classname="com.babcock.LogTest" time="0.007"/>
  <testcase name="logWarning()" classname="com.babcock.LogTest" time="0.001"/>
  <testcase name="logSuccess()" classname="com.babcock.LogTest" time="0.001"/>
  <testcase name="logError()" classname="com.babcock.LogTest" time="0.001"/>
  <system-out><![CDATA[?[37m Messages are white
?[33m Warnings are yellow
?[32m Success is green
?[31m Errors are red
]]></system-out>
  <system-err><![CDATA[]]></system-err>
</testsuite>
