<?xml version="1.0" encoding="UTF-8"?>
<testsuite name="com.babcock.http.HttpParserTest" tests="4" skipped="0" failures="0" errors="0" timestamp="2022-09-01T14:56:00" hostname="andrews-MacBook-Pro-2.local" time="0.022">
  <properties/>
  <testcase name="byteSize()" classname="com.babcock.http.HttpParserTest" time="0.011"/>
  <testcase name="parseRequest()" classname="com.babcock.http.HttpParserTest" time="0.002"/>
  <testcase name="parseHttpReqNotNull()" classname="com.babcock.http.HttpParserTest" time="0.0"/>
  <testcase name="parseInvalidRequest()" classname="com.babcock.http.HttpParserTest" time="0.007"/>
  <system-out><![CDATA[Size in bytes: 33
Size in bytes: 33
Size in bytes: 33
?[33m Request line METHOD to process: GET
?[33m Request line TARGET to process: /
?[33m Request line VERSION to process: HTTP/1.1
Size in bytes: 32
Size in bytes: 32
Size in bytes: 32
?[33m Request line METHOD to process: GET
?[33m Request line TARGET to process: /
?[33m Request line VERSION to process: HTTP/1.1
?[32m Method returned: GET
Size in bytes: 33
Size in bytes: 33
Size in bytes: 33
?[33m Request line METHOD to process: get
]]></system-out>
  <system-err><![CDATA[]]></system-err>
</testsuite>
