<?xml version="1.0" encoding="UTF-8"?>
<testsuite name="com.babcock.http.HttpParserTest" tests="1" skipped="0" failures="0" errors="0" timestamp="2022-09-16T14:45:49" hostname="andrews-MacBook-Pro-2.local" time="0.018">
  <properties/>
  <testcase name="parseInvalidRequest()" classname="com.babcock.http.HttpParserTest" time="0.018"/>
  <system-out><![CDATA[?[33m Request line METHOD to process: get
]]></system-out>
  <system-err><![CDATA[]]></system-err>
</testsuite>
