<?xml version="1.0" encoding="UTF-8"?>
<testsuite name="Test" tests="3" skipped="0" failures="0" errors="0" timestamp="2022-08-17T19:38:38" hostname="andrews-MacBook-Pro-2.local" time="0.044">
  <properties/>
  <testcase name="testMain()" classname="Test" time="0.015"/>
  <testcase name="serverSocket()" classname="Test" time="0.025"/>
  <testcase name="testPortOnSocket()" classname="Test" time="0.002"/>
  <system-out><![CDATA[]]></system-out>
  <system-err><![CDATA[]]></system-err>
</testsuite>
