<?xml version="1.0" encoding="UTF-8"?>
<testsuite name="Test" tests="2" skipped="0" failures="0" errors="0" timestamp="2022-08-18T17:34:01" hostname="andrews-MacBook-Pro-2.local" time="0.04">
  <properties/>
  <testcase name="serverSocketCreated()" classname="Test" time="0.035"/>
  <testcase name="testPortOnSocket()" classname="Test" time="0.004"/>
  <system-out><![CDATA[]]></system-out>
  <system-err><![CDATA[]]></system-err>
</testsuite>
