<?xml version="1.0" encoding="UTF-8"?>
<testsuite name="com.babcock.http.HttpParserTest" tests="13" skipped="0" failures="0" errors="0" timestamp="2022-09-13T00:29:12" hostname="andrews-MacBook-Pro-2.local" time="0.035">
  <properties/>
  <testcase name="parseMethodHead()" classname="com.babcock.http.HttpParserTest" time="0.017"/>
  <testcase name="invalidHttpReqBadVersion()" classname="com.babcock.http.HttpParserTest" time="0.008"/>
  <testcase name="parseHigherCompatibleHttpVersion()" classname="com.babcock.http.HttpParserTest" time="0.0"/>
  <testcase name="parseInvalidHttpVersion()" classname="com.babcock.http.HttpParserTest" time="0.0"/>
  <testcase name="parseInvalidRequestEmptyLineFeed()" classname="com.babcock.http.HttpParserTest" time="0.0"/>
  <testcase name="parseRequest()" classname="com.babcock.http.HttpParserTest" time="0.0"/>
  <testcase name="parseHttpReqNotNull()" classname="com.babcock.http.HttpParserTest" time="0.0"/>
  <testcase name="parseInvalidRequestEmptyReqLine()" classname="com.babcock.http.HttpParserTest" time="0.001"/>
  <testcase name="parseInvalidRequest()" classname="com.babcock.http.HttpParserTest" time="0.0"/>
  <testcase name="validSupportedHttpVersion()" classname="com.babcock.http.HttpParserTest" time="0.0"/>
  <testcase name="parseCompatibleHttpVersion()" classname="com.babcock.http.HttpParserTest" time="0.001"/>
  <testcase name="invalidHttpReqBadMajorVersion()" classname="com.babcock.http.HttpParserTest" time="0.001"/>
  <testcase name="parseInvalidMethod()" classname="com.babcock.http.HttpParserTest" time="0.0"/>
  <system-out><![CDATA[?[33m Request line METHOD to process: HEAD
?[32m delete buffer
?[33m Request line TARGET to process: /
?[32m delete buffer
?[33m Request line VERSION to process: HTTP/1.1
?[32m Version test: HTTP/1.1
Getting version from input: HTTP/1.1
Returning version
com.babcock.http.HttpHeaders@723ca036
?[32m Method returned: HEAD
?[33m Request line METHOD to process: GET
?[32m delete buffer
?[33m Request line TARGET to process: /
?[32m delete buffer
?[33m Request line VERSION to process: HTTP/2.1
?[32m Version test: HTTP/2.1
Getting version from input: HTTP/2.1
Getting version from input: HTTP/1.2
?[33m Request line METHOD to process: GET
?[32m delete buffer
?[33m Request line TARGET to process: /
?[32m delete buffer
?[33m Request line VERSION to process: HTTP/2.1
?[32m Version test: HTTP/2.1
Getting version from input: HTTP/2.1
?[33m Request line METHOD to process: HEAD
?[32m delete buffer
?[33m Request line TARGET to process: /
?[32m delete buffer
?[33m Request line METHOD to process: GET
?[32m delete buffer
?[33m Request line TARGET to process: /
?[32m delete buffer
?[33m Request line VERSION to process: HTTP/1.1
?[32m Version test: HTTP/1.1
Getting version from input: HTTP/1.1
Returning version
com.babcock.http.HttpHeaders@4470fbd6
?[32m Method returned: GET
?[33m Request line VERSION to process: 
?[33m Request line METHOD to process: get
?[33m Request line METHOD to process: GET
?[32m delete buffer
?[33m Request line TARGET to process: /
?[32m delete buffer
?[33m Request line VERSION to process: HTTP/1.1
?[32m Version test: HTTP/1.1
Getting version from input: HTTP/1.1
Returning version
com.babcock.http.HttpHeaders@15d49048
Getting version from input: HTTP/1.1
Returning version
?[33m Request line METHOD to process: GET
?[32m delete buffer
?[33m Request line TARGET to process: /
?[32m delete buffer
?[33m Request line VERSION to process: HTTP/2.1
?[32m Version test: HTTP/2.1
Getting version from input: HTTP/2.1
?[33m Request line METHOD to process: GETTTTTTT
]]></system-out>
  <system-err><![CDATA[]]></system-err>
</testsuite>
