<?xml version="1.0" encoding="UTF-8"?>
<testsuite name="com.babcock.http.HttpParserTest" tests="1" skipped="0" failures="0" errors="0" timestamp="2022-09-06T16:34:45" hostname="andrews-MacBook-Pro-2.local" time="0.006">
  <properties/>
  <testcase name="forTesting()" classname="com.babcock.http.HttpParserTest" time="0.006"/>
  <system-out><![CDATA[-2147483648
]]></system-out>
  <system-err><![CDATA[]]></system-err>
</testsuite>
