<?xml version="1.0" encoding="UTF-8"?>
<testsuite name="com.babcock.http.HttpParserTest" tests="1" skipped="0" failures="0" errors="0" timestamp="2022-08-26T20:03:59" hostname="andrews-MacBook-Pro-2.local" time="0.011">
  <properties/>
  <testcase name="parseRequest()" classname="com.babcock.http.HttpParserTest" time="0.011"/>
  <system-out><![CDATA[?[33m Request line METHOD to process: GET
?[33m Request line TARGET to process: /
?[33m Request line VERSION to process: HTTP/1.1
?[32m Method returned: GET
]]></system-out>
  <system-err><![CDATA[]]></system-err>
</testsuite>
