<?xml version="1.0" encoding="UTF-8"?>
<testsuite name="Test" tests="1" skipped="0" failures="0" errors="0" timestamp="2022-08-16T18:38:16" hostname="andrews-MacBook-Pro-2.local" time="0.019">
  <properties/>
  <testcase name="testMain()" classname="Test" time="0.019"/>
  <system-out><![CDATA[]]></system-out>
  <system-err><![CDATA[]]></system-err>
</testsuite>
