<?xml version="1.0" encoding="UTF-8"?>
<testsuite name="com.babcock.http.HttpParserTest" tests="1" skipped="0" failures="0" errors="0" timestamp="2022-09-16T22:13:44" hostname="andrews-MacBook-Pro-2.local" time="0.017">
  <properties/>
  <testcase name="routingTo404()" classname="com.babcock.http.HttpParserTest" time="0.017"/>
  <system-out><![CDATA[?[33m Request line METHOD to process: GET
?[32m delete buffer
?[33m Request line TARGET to process: /notfound
?[32m delete buffer
?[33m Request line VERSION to process: HTTP/1.1
?[32m Version test: HTTP/1.1
Getting version from input: HTTP/1.1
1/1
Returning version
Field: HTTP_1_1
Key:Accept-Encoding
VALUE:gzip, deflate, br
Key:Accept-Language
VALUE:en-US,en;q=0.9
Key:Cache-Control
VALUE:max-age=0
Key:Connection
VALUE:keep-alive
Key:Host
Key:localhost
VALUE:8081
Key:Sec-Fetch-Dest
VALUE:document
Key:Sec-Fetch-Mode
VALUE:navigate
Key:Sec-Fetch-Site
VALUE:cross-site
Key:Upgrade-Insecure-Requests
VALUE:1
Key:User-Agent
VALUE:Mozilla/5.0 (Macintosh; Intel Mac OS X 10_15_7) AppleWebKit/537.36 (KHTML, like Gecko) Chrome/104.0.0.0 Safari/537.36
Key:sec-ch-ua
VALUE:"Chromium";v="104", " Not A;Brand";v="99", "Google Chrome";v="104"
Key:sec-ch-ua-mobile
VALUE:?0
End

=
localhost=8081
Connection=keep-alive
User-Agent=Mozilla/5.0 (Macintosh; Intel Mac OS X 10_15_7) AppleWebKit/537.36 (KHTML, like Gecko) Chrome/104.0.0.0 Safari/537.36
Sec-Fetch-Dest=document
Sec-Fetch-Site=cross-site
Host=keep-alive
Accept-Encoding=gzip, deflate, br
Sec-Fetch-Mode=navigate
sec-ch-ua="Chromium";v="104", " Not A;Brand";v="99", "Google Chrome";v="104"
sec-ch-ua-mobile="Chromium";v="104", " Not A;Brand";v="99", "Google Chrome";v="104"
Cache-Control=max-age=0
Upgrade-Insecure-Requests=1
Accept-Language=en-US,en;q=0.9
Target: /notfound
File size = 143
<!DOCTYPE html>
<html lang="en">
<head><title> Kotlin http server</title></head>
<body><h1 style="color:red;">404 not found</h1></body>
</html>
]]></system-out>
  <system-err><![CDATA[]]></system-err>
</testsuite>
